<?xml version="1.0" encoding="UTF-8"?>
<!-- Generated by org.testng.reporters.JUnitXMLReporter -->
<testsuite hostname="Navaneethan" ignored="1" name="NegativeTests" tests="1" failures="0" timestamp="11 Apr 2020 15:27:46 GMT" time="18.101" errors="0">
  <testcase name="incorrectPasswordTest" time="18.078" classname="com.herokuapp.theinternet.NegativeTests"/>
  <testcase name="incorrectUsernameTest" time="0.0" classname="com.herokuapp.theinternet.NegativeTests">
    <ignored/>
  </testcase> <!-- incorrectUsernameTest -->
</testsuite> <!-- NegativeTests -->
