<?xml version="1.0" encoding="UTF-8"?>
<!-- Generated by org.testng.reporters.JUnitXMLReporter -->
<testsuite hostname="Navaneethan" ignored="1" name="PositiveTests" tests="1" failures="0" timestamp="11 May 2020 07:09:41 GMT" time="34.038" errors="0">
  <testcase name="positiveLoginTest" time="7.521" classname="com.herokuapp.theinternet.LoginTests"/>
  <testcase name="negativeLoginTest" time="0.0" classname="com.herokuapp.theinternet.LoginTests">
    <ignored/>
  </testcase> <!-- negativeLoginTest -->
</testsuite> <!-- PositiveTests -->
