<?xml version="1.0" encoding="UTF-8"?>
<!-- Generated by org.testng.reporters.JUnitXMLReporter -->
<testsuite hostname="Navaneethan" ignored="0" name="Default test" tests="2" failures="0" timestamp="07 Apr 2020 14:57:42 GMT" time="39.033" errors="0">
  <testcase name="incorrectPasswordTest" time="20.408" classname="com.herokuapp.theinternet.NegativeTests"/>
  <testcase name="incorrectUsernameTest" time="18.563" classname="com.herokuapp.theinternet.NegativeTests"/>
</testsuite> <!-- Default test -->
