<?xml version="1.0" encoding="UTF-8"?>
<!-- Generated by org.testng.reporters.JUnitXMLReporter -->
<testsuite hostname="Navaneethan" ignored="1" name="PositiveLoginTest" tests="1" failures="0" timestamp="21 May 2020 15:43:08 GMT" time="23.74" errors="0">
  <testcase name="positiveLoginTest" time="9.177" classname="com.herokuapp.theinternet.LoginTests"/>
  <testcase name="negativeLoginTest" time="0.0" classname="com.herokuapp.theinternet.LoginTests">
    <ignored/>
  </testcase> <!-- negativeLoginTest -->
</testsuite> <!-- PositiveLoginTest -->
