<?xml version="1.0" encoding="UTF-8"?>
<!-- Generated by org.testng.reporters.JUnitXMLReporter -->
<testsuite hostname="Navaneethan" ignored="0" name="NegativeTests" tests="2" failures="0" timestamp="09 Apr 2020 15:11:51 GMT" time="42.467" errors="0">
  <testcase name="incorrectPasswordTest" time="13.422" classname="com.herokuapp.theinternet.NegativeTests"/>
  <testcase name="incorrectUsernameTest" time="29.041" classname="com.herokuapp.theinternet.NegativeTests"/>
</testsuite> <!-- NegativeTests -->
