<?xml version="1.0" encoding="UTF-8"?>
<testng-results skipped="0" failed="0" ignored="0" total="3" passed="3">
  <reporter-output>
  </reporter-output>
  <suite name="AllTests" duration-ms="76411" started-at="2020-04-09T15:28:12Z" finished-at="2020-04-09T15:29:28Z">
    <groups>
    </groups>
    <test name="PositiveTests" duration-ms="33498" started-at="2020-04-09T15:28:12Z" finished-at="2020-04-09T15:28:45Z">
      <class name="com.herokuapp.theinternet.PositiveTests">
        <test-method status="PASS" signature="loginTest()[pri:0, instance:com.herokuapp.theinternet.PositiveTests@701fc37a]" name="loginTest" duration-ms="33478" started-at="2020-04-09T15:28:12Z" finished-at="2020-04-09T15:28:45Z">
          <reporter-output>
          </reporter-output>
        </test-method> <!-- loginTest -->
      </class> <!-- com.herokuapp.theinternet.PositiveTests -->
    </test> <!-- PositiveTests -->
    <test name="NegativeTests" duration-ms="42745" started-at="2020-04-09T15:28:45Z" finished-at="2020-04-09T15:29:28Z">
      <class name="com.herokuapp.theinternet.NegativeTests">
        <test-method status="PASS" signature="incorrectPasswordTest()[pri:0, instance:com.herokuapp.theinternet.NegativeTests@1c72da34]" name="incorrectPasswordTest" duration-ms="13816" started-at="2020-04-09T15:28:45Z" finished-at="2020-04-09T15:28:59Z">
          <reporter-output>
          </reporter-output>
        </test-method> <!-- incorrectPasswordTest -->
        <test-method status="PASS" signature="incorrectUsernameTest()[pri:0, instance:com.herokuapp.theinternet.NegativeTests@1c72da34]" name="incorrectUsernameTest" duration-ms="28928" started-at="2020-04-09T15:28:59Z" finished-at="2020-04-09T15:29:28Z">
          <reporter-output>
          </reporter-output>
        </test-method> <!-- incorrectUsernameTest -->
      </class> <!-- com.herokuapp.theinternet.NegativeTests -->
    </test> <!-- NegativeTests -->
  </suite> <!-- AllTests -->
</testng-results>
