<?xml version="1.0" encoding="UTF-8"?>
<!-- Generated by org.testng.reporters.JUnitXMLReporter -->
<testsuite hostname="Navaneethan" ignored="0" name="NegativeTests" tests="2" failures="0" timestamp="09 Apr 2020 15:29:28 GMT" time="42.745" errors="0">
  <testcase name="incorrectPasswordTest" time="13.816" classname="com.herokuapp.theinternet.NegativeTests"/>
  <testcase name="incorrectUsernameTest" time="28.928" classname="com.herokuapp.theinternet.NegativeTests"/>
</testsuite> <!-- NegativeTests -->
