<?xml version="1.0" encoding="UTF-8"?>
<testng-results skipped="0" failed="0" ignored="4" total="5" passed="1">
  <reporter-output>
  </reporter-output>
  <suite name="Exceptions Tests Suite" duration-ms="12176" started-at="2020-06-12T08:01:21Z" finished-at="2020-06-12T08:01:33Z">
    <groups>
    </groups>
    <test name="Exceptions Test" duration-ms="12176" started-at="2020-06-12T08:01:21Z" finished-at="2020-06-12T08:01:33Z">
      <class name="com.herokuapp.theinternet.ExceptionsTests">
        <test-method status="PASS" signature="setUp(java.lang.String)[pri:0, instance:com.herokuapp.theinternet.ExceptionsTests@4501b7af]" name="setUp" is-config="true" duration-ms="3889" started-at="2020-06-12T08:01:21Z" finished-at="2020-06-12T08:01:25Z">
          <params>
            <param index="0">
              <value>
                <![CDATA[chrome]]>
              </value>
            </param>
          </params>
          <reporter-output>
          </reporter-output>
        </test-method> <!-- setUp -->
        <test-method status="PASS" signature="disabledElementTest()[pri:0, instance:com.herokuapp.theinternet.ExceptionsTests@4501b7af]" name="disabledElementTest" duration-ms="7382" started-at="2020-06-12T08:01:25Z" finished-at="2020-06-12T08:01:32Z">
          <reporter-output>
          </reporter-output>
        </test-method> <!-- disabledElementTest -->
        <test-method status="PASS" signature="tearDown()[pri:0, instance:com.herokuapp.theinternet.ExceptionsTests@4501b7af]" name="tearDown" is-config="true" duration-ms="882" started-at="2020-06-12T08:01:32Z" finished-at="2020-06-12T08:01:33Z">
          <reporter-output>
          </reporter-output>
        </test-method> <!-- tearDown -->
      </class> <!-- com.herokuapp.theinternet.ExceptionsTests -->
    </test> <!-- Exceptions Test -->
  </suite> <!-- Exceptions Tests Suite -->
</testng-results>
