<?xml version="1.0" encoding="UTF-8"?>
<!-- Generated by org.testng.reporters.JUnitXMLReporter -->
<testsuite hostname="Navaneethan" ignored="4" name="Exceptions Test" tests="1" failures="0" timestamp="12 Jun 2020 08:01:33 GMT" time="12.176" errors="0">
  <testcase name="disabledElementTest" time="7.382" classname="com.herokuapp.theinternet.ExceptionsTests"/>
  <testcase name="notVisibleTest" time="0.0" classname="com.herokuapp.theinternet.ExceptionsTests">
    <ignored/>
  </testcase> <!-- notVisibleTest -->
  <testcase name="timeoutTest" time="0.0" classname="com.herokuapp.theinternet.ExceptionsTests">
    <ignored/>
  </testcase> <!-- timeoutTest -->
  <testcase name="noSuchElementTest" time="0.0" classname="com.herokuapp.theinternet.ExceptionsTests">
    <ignored/>
  </testcase> <!-- noSuchElementTest -->
  <testcase name="staleElementTest" time="0.0" classname="com.herokuapp.theinternet.ExceptionsTests">
    <ignored/>
  </testcase> <!-- staleElementTest -->
</testsuite> <!-- Exceptions Test -->
